#
# There is insufficient memory for the Java Runtime Environment to continue.
# Native memory allocation (malloc) failed to allocate 1065920 bytes for Chunk::new
# Possible reasons:
#   The system is out of physical RAM or swap space
#   In 32 bit mode, the process size limit was hit
# Possible solutions:
#   Reduce memory load on the system
#   Increase physical memory or swap space
#   Check if swap backing store is full
#   Use 64 bit Java on a 64 bit OS
#   Decrease Java heap size (-Xmx/-Xms)
#   Decrease number of Java threads
#   Decrease Java thread stack sizes (-Xss)
#   Set larger code cache with -XX:ReservedCodeCacheSize=
# This output file may be truncated or incomplete.
#
#  Out of Memory Error (allocation.cpp:390), pid=32, tid=0x0000000000002cf8
#
# JRE version: OpenJDK Runtime Environment (8.0_152-b01) (build 1.8.0_152-release-1343-b01)
# Java VM: OpenJDK 64-Bit Server VM (25.152-b01 mixed mode windows-amd64 compressed oops)
# Failed to write core dump. Minidumps are not enabled by default on client versions of Windows
#

---------------  T H R E A D  ---------------

Current thread (0x0000000018248000):  JavaThread "C2 CompilerThread0" daemon [_thread_in_native, id=11512, stack(0x0000000018a20000,0x0000000018b20000)]

Stack: [0x0000000018a20000,0x0000000018b20000]
[error occurred during error reporting (printing stack bounds), id 0xc0000005]

Native frames: (J=compiled Java code, j=interpreted, Vv=VM code, C=native code)


Current CompileTask:
C2:  19126 13330       4       com.android.tools.r8.ir.conversion.JarSourceCode::build (293 bytes)


---------------  P R O C E S S  ---------------

Java Threads: ( => current thread )
  0x000000001d396800 JavaThread "ForkJoinPool.commonPool-worker-0" daemon [_thread_blocked, id=4436, stack(0x00000000271d0000,0x00000000272d0000)]
  0x000000001d396000 JavaThread "Cache worker for Java compile cache (C:\Users\OlegS\Documents\GitHub\AndroidStudioProjects\ContactList\.gradle\5.1.1\javaCompile)" [_thread_blocked, id=9324, stack(0x0000000026cd0000,0x0000000026dd0000)]
  0x000000001d395000 JavaThread "Cache worker for Java compile cache (C:\Users\OlegS\.gradle\caches\5.1.1\javaCompile)" [_thread_blocked, id=9224, stack(0x0000000026bd0000,0x0000000026cd0000)]
  0x000000001d392000 JavaThread "stdout" daemon [_thread_in_native, id=10936, stack(0x00000000268d0000,0x00000000269d0000)]
  0x000000001d394800 JavaThread "stderr" daemon [_thread_in_native, id=6420, stack(0x00000000267d0000,0x00000000268d0000)]
  0x000000001d38d000 JavaThread "stdout" daemon [_thread_in_native, id=5524, stack(0x00000000266d0000,0x00000000267d0000)]
  0x000000001d393800 JavaThread "stderr" daemon [_thread_in_native, id=2116, stack(0x00000000265d0000,0x00000000266d0000)]
  0x000000001d391800 JavaThread "stdout" daemon [_thread_in_native, id=8716, stack(0x00000000264d0000,0x00000000265d0000)]
  0x000000001d390000 JavaThread "stderr" daemon [_thread_in_native, id=3960, stack(0x00000000263d0000,0x00000000264d0000)]
  0x000000001d38e800 JavaThread "stdout" daemon [_thread_in_native, id=8304, stack(0x00000000262d0000,0x00000000263d0000)]
  0x000000001d390800 JavaThread "stderr" daemon [_thread_in_native, id=11784, stack(0x00000000261d0000,0x00000000262d0000)]
  0x000000001d393000 JavaThread "stdout" daemon [_thread_in_native, id=11660, stack(0x00000000260d0000,0x00000000261d0000)]
  0x000000001d38c000 JavaThread "stderr" daemon [_thread_in_native, id=11452, stack(0x0000000025fd0000,0x00000000260d0000)]
  0x000000001e67c800 JavaThread "stdout" daemon [_thread_in_native, id=9028, stack(0x0000000025ed0000,0x0000000025fd0000)]
  0x000000001e67b800 JavaThread "stderr" daemon [_thread_in_native, id=3040, stack(0x0000000025dd0000,0x0000000025ed0000)]
  0x000000001e679800 JavaThread "stdout" daemon [_thread_in_native, id=7088, stack(0x0000000025cd0000,0x0000000025dd0000)]
  0x000000001e67b000 JavaThread "stderr" daemon [_thread_in_native, id=7024, stack(0x0000000025bd0000,0x0000000025cd0000)]
  0x000000001e67d000 JavaThread "pool-2-thread-1" [_thread_blocked, id=10532, stack(0x0000000025ad0000,0x0000000025bd0000)]
  0x000000001e678800 JavaThread "ForkJoinPool.commonPool-worker-7" daemon [_thread_blocked, id=11824, stack(0x00000000259d0000,0x0000000025ad0000)]
  0x000000001e67e000 JavaThread "ForkJoinPool.commonPool-worker-5" daemon [_thread_blocked, id=11828, stack(0x00000000257d0000,0x00000000258d0000)]
  0x000000001e671000 JavaThread "ForkJoinPool.commonPool-worker-4" daemon [_thread_blocked, id=2592, stack(0x00000000256d0000,0x00000000257d0000)]
  0x000000001e678000 JavaThread "ForkJoinPool.commonPool-worker-3" daemon [_thread_blocked, id=10860, stack(0x00000000255d0000,0x00000000256d0000)]
  0x000000001e672000 JavaThread "ForkJoinPool.commonPool-worker-2" daemon [_thread_blocked, id=7232, stack(0x00000000254d0000,0x00000000255d0000)]
  0x000000001e677000 JavaThread "ForkJoinPool.commonPool-worker-1" daemon [_thread_blocked, id=10768, stack(0x00000000253d0000,0x00000000254d0000)]
  0x000000001e675000 JavaThread "Cache worker for execution history cache (C:\Users\OlegS\Documents\GitHub\AndroidStudioProjects\ContactList\.gradle\5.1.1\executionHistory)" [_thread_blocked, id=11304, stack(0x00000000250d0000,0x00000000251d0000)]
  0x000000001e66f800 JavaThread "Execution worker for ':' Thread 7" [_thread_blocked, id=7900, stack(0x0000000024dd0000,0x0000000024ed0000)]
  0x000000001e674000 JavaThread "Execution worker for ':' Thread 6" [_thread_blocked, id=6520, stack(0x0000000024cd0000,0x0000000024dd0000)]
  0x000000001e673800 JavaThread "Execution worker for ':' Thread 5" [_thread_blocked, id=10812, stack(0x0000000024bd0000,0x0000000024cd0000)]
  0x000000001d036000 JavaThread "Execution worker for ':' Thread 4" [_thread_blocked, id=9064, stack(0x0000000024ad0000,0x0000000024bd0000)]
  0x000000001d035000 JavaThread "Execution worker for ':' Thread 3" [_thread_blocked, id=7984, stack(0x00000000249d0000,0x0000000024ad0000)]
  0x000000001d034800 JavaThread "Execution worker for ':' Thread 2" [_thread_in_Java, id=4772, stack(0x00000000248d0000,0x00000000249d0000)]
  0x000000001d037800 JavaThread "Execution worker for ':'" [_thread_blocked, id=2364, stack(0x00000000247d0000,0x00000000248d0000)]
  0x000000001d036800 JavaThread "Cache worker for file content cache (C:\Users\OlegS\Documents\GitHub\AndroidStudioProjects\ContactList\.gradle\5.1.1\fileContent)" [_thread_blocked, id=9068, stack(0x00000000244d0000,0x00000000245d0000)]
  0x000000001d02d000 JavaThread "Cache worker for file content cache (C:\Users\OlegS\.gradle\caches\5.1.1\fileContent)" [_thread_blocked, id=7560, stack(0x00000000243d0000,0x00000000244d0000)]
  0x000000001d033800 JavaThread "Memory manager" [_thread_blocked, id=6552, stack(0x00000000241b0000,0x00000000242b0000)]
  0x000000001d02a800 JavaThread "Cache worker for Build Output Cleanup Cache (C:\Users\OlegS\Documents\GitHub\AndroidStudioProjects\ContactList\.gradle\buildOutputCleanup)" [_thread_blocked, id=4628, stack(0x0000000022fd0000,0x00000000230d0000)]
  0x000000001d030800 JavaThread "Build operations Thread 8" [_thread_blocked, id=11040, stack(0x0000000022ad0000,0x0000000022bd0000)]
  0x000000001d029000 JavaThread "Build operations Thread 7" [_thread_blocked, id=6848, stack(0x00000000229d0000,0x0000000022ad0000)]
  0x000000001d030000 JavaThread "Build operations Thread 6" [_thread_blocked, id=876, stack(0x00000000228d0000,0x00000000229d0000)]
  0x000000001d028800 JavaThread "Build operations Thread 5" [_thread_blocked, id=12216, stack(0x00000000227d0000,0x00000000228d0000)]
  0x000000001d02f000 JavaThread "Build operations Thread 4" [_thread_blocked, id=7400, stack(0x00000000226d0000,0x00000000227d0000)]
  0x000000001d02c000 JavaThread "Build operations Thread 3" [_thread_blocked, id=9084, stack(0x00000000225d0000,0x00000000226d0000)]
  0x000000001d02e800 JavaThread "Build operations Thread 2" [_thread_blocked, id=1940, stack(0x00000000224d0000,0x00000000225d0000)]
  0x000000001d02d800 JavaThread "Build operations" [_thread_blocked, id=8584, stack(0x00000000221b0000,0x00000000222b0000)]
  0x000000001d02a000 JavaThread "Cache worker for execution history cache (C:\Users\OlegS\.gradle\caches\5.1.1\executionHistory)" [_thread_blocked, id=4004, stack(0x0000000020960000,0x0000000020a60000)]
  0x000000001a4da800 JavaThread "Cache worker for cache directory md-rule (C:\Users\OlegS\.gradle\caches\5.1.1\md-rule)" [_thread_blocked, id=1648, stack(0x0000000020860000,0x0000000020960000)]
  0x000000001a4e1800 JavaThread "Cache worker for cache directory md-supplier (C:\Users\OlegS\.gradle\caches\5.1.1\md-supplier)" [_thread_blocked, id=2976, stack(0x0000000020760000,0x0000000020860000)]
  0x000000001a4dd800 JavaThread "Cache worker for file hash cache (C:\Users\OlegS\Documents\GitHub\AndroidStudioProjects\ContactList\.gradle\5.1.1\fileHashes)" [_thread_blocked, id=12260, stack(0x000000001de40000,0x000000001df40000)]
  0x000000001a4de800 JavaThread "Cache worker for journal cache (C:\Users\OlegS\.gradle\caches\journal-1)" [_thread_blocked, id=7216, stack(0x000000001bba0000,0x000000001bca0000)]
  0x000000001a4dd000 JavaThread "File lock request listener" [_thread_in_native, id=2540, stack(0x000000001baa0000,0x000000001bba0000)]
  0x000000001a4d5800 JavaThread "Cache worker for file hash cache (C:\Users\OlegS\.gradle\caches\5.1.1\fileHashes)" [_thread_blocked, id=9884, stack(0x000000001b9a0000,0x000000001baa0000)]
  0x000000001a3d4800 JavaThread "Thread-8" [_thread_blocked, id=11164, stack(0x000000001b8a0000,0x000000001b9a0000)]
  0x000000001a3d3000 JavaThread "Stdin handler" [_thread_blocked, id=8668, stack(0x000000001b7a0000,0x000000001b8a0000)]
  0x000000001a2ad800 JavaThread "Asynchronous log dispatcher for DefaultDaemonConnection: socket connection from /127.0.0.1:55879 to /127.0.0.1:55880" [_thread_blocked, id=12232, stack(0x000000001b6a0000,0x000000001b7a0000)]
  0x000000001a3d7800 JavaThread "Daemon worker" [_thread_blocked, id=10060, stack(0x000000001b5a0000,0x000000001b6a0000)]
  0x000000001a3d6800 JavaThread "Cancel handler" [_thread_blocked, id=920, stack(0x000000001b4a0000,0x000000001b5a0000)]
  0x000000001a3b1000 JavaThread "Handler for socket connection from /127.0.0.1:55879 to /127.0.0.1:55880" [_thread_in_native, id=10524, stack(0x000000001b1a0000,0x000000001b2a0000)]
  0x000000001a3ab800 JavaThread "Daemon" [_thread_blocked, id=12168, stack(0x000000001b0a0000,0x000000001b1a0000)]
  0x000000001a209000 JavaThread "Daemon periodic checks" [_thread_blocked, id=6468, stack(0x000000001afa0000,0x000000001b0a0000)]
  0x000000001a207800 JavaThread "Incoming local TCP Connector on port 55879" [_thread_in_native, id=11024, stack(0x000000001ad50000,0x000000001ae50000)]
  0x00000000182e7000 JavaThread "Service Thread" daemon [_thread_blocked, id=9896, stack(0x0000000018e20000,0x0000000018f20000)]
  0x0000000018257000 JavaThread "C1 CompilerThread3" daemon [_thread_blocked, id=8256, stack(0x0000000018d20000,0x0000000018e20000)]
  0x0000000018251000 JavaThread "C2 CompilerThread2" daemon [_thread_in_native, id=6828, stack(0x0000000018c20000,0x0000000018d20000)]
  0x000000001824b000 JavaThread "C2 CompilerThread1" daemon [_thread_in_vm, id=9060, stack(0x0000000018b20000,0x0000000018c20000)]
=>0x0000000018248000 JavaThread "C2 CompilerThread0" daemon [_thread_in_native, id=11512, stack(0x0000000018a20000,0x0000000018b20000)]
  0x0000000018246800 JavaThread "Attach Listener" daemon [_thread_blocked, id=9984, stack(0x0000000018920000,0x0000000018a20000)]
  0x000000001635e000 JavaThread "Signal Dispatcher" daemon [_thread_blocked, id=9664, stack(0x0000000018820000,0x0000000018920000)]
  0x0000000016352800 JavaThread "Finalizer" daemon [_thread_blocked, id=10752, stack(0x0000000018620000,0x0000000018720000)]
  0x000000001634b800 JavaThread "Reference Handler" daemon [_thread_blocked, id=10280, stack(0x0000000018120000,0x0000000018220000)]
  0x000000000258d800 JavaThread "main" [_thread_blocked, id=10092, stack(0x0000000002310000,0x0000000002410000)]

Other Threads:
  0x0000000016346800 VMThread [stack: 0x0000000018020000,0x0000000018120000] [id=12188]
  0x00000000182f0000 WatcherThread [stack: 0x0000000018f20000,0x0000000019020000] [id=8488]

VM state:not at safepoint (normal execution)

VM Mutex/Monitor currently owned by a thread: None

Heap:
 PSYoungGen      total 172544K, used 92955K [0x00000000e0000000, 0x00000000ecb00000, 0x0000000100000000)
  eden space 153088K, 49% used [0x00000000e0000000,0x00000000e4a4fbf8,0x00000000e9580000)
  from space 19456K, 86% used [0x00000000e9580000,0x00000000ea5f70a8,0x00000000ea880000)
  to   space 20992K, 0% used [0x00000000eb680000,0x00000000eb680000,0x00000000ecb00000)
 ParOldGen       total 117248K, used 43484K [0x00000000a0000000, 0x00000000a7280000, 0x00000000e0000000)
  object space 117248K, 37% used [0x00000000a0000000,0x00000000a2a770e0,0x00000000a7280000)
 Metaspace       used 82529K, capacity 86338K, committed 86552K, reserved 1124352K
  class space    used 10826K, capacity 11522K, committed 11544K, reserved 1048576K

Card table byte_map: [0x0000000011950000,0x0000000011c60000] byte_map_base: 0x0000000011450000

Marking Bits: (ParMarkBitMap*) 0x0000000059a15aa0
 Begin Bits: [0x0000000012660000, 0x0000000013e60000)
 End Bits:   [0x0000000013e60000, 0x0000000015660000)

Polling page: 0x0000000002410000

CodeCache: size=245760Kb used=38024Kb max_used=38031Kb free=207735Kb
 bounds [0x0000000002590000, 0x0000000004ae0000, 0x0000000011590000]
 total_blobs=12738 nmethods=11880 adapters=769
 compilation: enabled

Compilation events (10 events):
Event: 19.123 Thread 0x000000001824b000 nmethod 13881 0x0000000004ac5b50 code [0x0000000004ac5c80, 0x0000000004ac5cd8]
Event: 19.123 Thread 0x000000001824b000 13828       4       com.android.tools.r8.graph.DexItem::collectAll (11 bytes)
Event: 19.123 Thread 0x0000000018257000 nmethod 13898 0x0000000004ac7e90 code [0x0000000004ac80a0, 0x0000000004ac8788]
Event: 19.123 Thread 0x0000000018257000 13904       2       java.io.ObjectStreamClass::hasWriteReplaceMethod (17 bytes)
Event: 19.123 Thread 0x0000000018257000 nmethod 13904 0x0000000004ac79d0 code [0x0000000004ac7b40, 0x0000000004ac7d68]
Event: 19.123 Thread 0x0000000018257000 13901       3       org.gradle.execution.plan.DefaultExecutionPlan::doesDestroyNotYetConsumedOutputOfAnotherNode (143 bytes)
Event: 19.124 Thread 0x0000000018257000 nmethod 13901 0x0000000004ad1dd0 code [0x0000000004ad2060, 0x0000000004ad2f58]
Event: 19.124 Thread 0x0000000018257000 13902       3       org.gradle.execution.plan.DefaultPlanExecutor$ExecutorWorker$1::execute (9 bytes)
Event: 19.124 Thread 0x0000000018257000 nmethod 13902 0x0000000004ad4090 code [0x0000000004ad4200, 0x0000000004ad4488]
Event: 19.124 Thread 0x0000000018257000 13903       3       org.gradle.execution.plan.DefaultPlanExecutor$ExecutorWorker$1::execute (98 bytes)

GC Heap History (10 events):
Event: 8.356 GC heap before
{Heap before GC invocations=16 (full 3):
 PSYoungGen      total 135680K, used 8713K [0x00000000e0000000, 0x00000000eaf80000, 0x0000000100000000)
  eden space 122368K, 0% used [0x00000000e0000000,0x00000000e0000000,0x00000000e7780000)
  from space 13312K, 65% used [0x00000000e7780000,0x00000000e80024f0,0x00000000e8480000)
  to   space 13312K, 0% used [0x00000000ea280000,0x00000000ea280000,0x00000000eaf80000)
 ParOldGen       total 76800K, used 27460K [0x00000000a0000000, 0x00000000a4b00000, 0x00000000e0000000)
  object space 76800K, 35% used [0x00000000a0000000,0x00000000a1ad1288,0x00000000a4b00000)
 Metaspace       used 57572K, capacity 59046K, committed 59160K, reserved 1099776K
  class space    used 7783K, capacity 8152K, committed 8216K, reserved 1048576K
Event: 8.616 GC heap after
Heap after GC invocations=16 (full 3):
 PSYoungGen      total 135680K, used 0K [0x00000000e0000000, 0x00000000eaf80000, 0x0000000100000000)
  eden space 122368K, 0% used [0x00000000e0000000,0x00000000e0000000,0x00000000e7780000)
  from space 13312K, 0% used [0x00000000e7780000,0x00000000e7780000,0x00000000e8480000)
  to   space 13312K, 0% used [0x00000000ea280000,0x00000000ea280000,0x00000000eaf80000)
 ParOldGen       total 117248K, used 29456K [0x00000000a0000000, 0x00000000a7280000, 0x00000000e0000000)
  object space 117248K, 25% used [0x00000000a0000000,0x00000000a1cc4190,0x00000000a7280000)
 Metaspace       used 57572K, capacity 59046K, committed 59160K, reserved 1099776K
  class space    used 7783K, capacity 8152K, committed 8216K, reserved 1048576K
}
Event: 9.988 GC heap before
{Heap before GC invocations=17 (full 3):
 PSYoungGen      total 135680K, used 122368K [0x00000000e0000000, 0x00000000eaf80000, 0x0000000100000000)
  eden space 122368K, 100% used [0x00000000e0000000,0x00000000e7780000,0x00000000e7780000)
  from space 13312K, 0% used [0x00000000e7780000,0x00000000e7780000,0x00000000e8480000)
  to   space 13312K, 0% used [0x00000000ea280000,0x00000000ea280000,0x00000000eaf80000)
 ParOldGen       total 117248K, used 29456K [0x00000000a0000000, 0x00000000a7280000, 0x00000000e0000000)
  object space 117248K, 25% used [0x00000000a0000000,0x00000000a1cc4190,0x00000000a7280000)
 Metaspace       used 61790K, capacity 63828K, committed 63896K, reserved 1103872K
  class space    used 8360K, capacity 8815K, committed 8856K, reserved 1048576K
Event: 10.000 GC heap after
Heap after GC invocations=17 (full 3):
 PSYoungGen      total 153088K, used 13286K [0x00000000e0000000, 0x00000000eaf80000, 0x0000000100000000)
  eden space 139776K, 0% used [0x00000000e0000000,0x00000000e0000000,0x00000000e8880000)
  from space 13312K, 99% used [0x00000000ea280000,0x00000000eaf79a40,0x00000000eaf80000)
  to   space 14848K, 0% used [0x00000000e9280000,0x00000000e9280000,0x00000000ea100000)
 ParOldGen       total 117248K, used 29952K [0x00000000a0000000, 0x00000000a7280000, 0x00000000e0000000)
  object space 117248K, 25% used [0x00000000a0000000,0x00000000a1d40128,0x00000000a7280000)
 Metaspace       used 61790K, capacity 63828K, committed 63896K, reserved 1103872K
  class space    used 8360K, capacity 8815K, committed 8856K, reserved 1048576K
}
Event: 14.438 GC heap before
{Heap before GC invocations=18 (full 3):
 PSYoungGen      total 153088K, used 153062K [0x00000000e0000000, 0x00000000eaf80000, 0x0000000100000000)
  eden space 139776K, 100% used [0x00000000e0000000,0x00000000e8880000,0x00000000e8880000)
  from space 13312K, 99% used [0x00000000ea280000,0x00000000eaf79a40,0x00000000eaf80000)
  to   space 14848K, 0% used [0x00000000e9280000,0x00000000e9280000,0x00000000ea100000)
 ParOldGen       total 117248K, used 29952K [0x00000000a0000000, 0x00000000a7280000, 0x00000000e0000000)
  object space 117248K, 25% used [0x00000000a0000000,0x00000000a1d40128,0x00000000a7280000)
 Metaspace       used 64135K, capacity 66266K, committed 66456K, reserved 1105920K
  class space    used 8578K, capacity 9024K, committed 9112K, reserved 1048576K
Event: 14.450 GC heap after
Heap after GC invocations=18 (full 3):
 PSYoungGen      total 164864K, used 12437K [0x00000000e0000000, 0x00000000eb800000, 0x0000000100000000)
  eden space 150016K, 0% used [0x00000000e0000000,0x00000000e0000000,0x00000000e9280000)
  from space 14848K, 83% used [0x00000000e9280000,0x00000000e9ea5480,0x00000000ea100000)
  to   space 15872K, 0% used [0x00000000ea880000,0x00000000ea880000,0x00000000eb800000)
 ParOldGen       total 117248K, used 29960K [0x00000000a0000000, 0x00000000a7280000, 0x00000000e0000000)
  object space 117248K, 25% used [0x00000000a0000000,0x00000000a1d42128,0x00000000a7280000)
 Metaspace       used 64135K, capacity 66266K, committed 66456K, reserved 1105920K
  class space    used 8578K, capacity 9024K, committed 9112K, reserved 1048576K
}
Event: 16.925 GC heap before
{Heap before GC invocations=19 (full 3):
 PSYoungGen      total 164864K, used 162453K [0x00000000e0000000, 0x00000000eb800000, 0x0000000100000000)
  eden space 150016K, 100% used [0x00000000e0000000,0x00000000e9280000,0x00000000e9280000)
  from space 14848K, 83% used [0x00000000e9280000,0x00000000e9ea5480,0x00000000ea100000)
  to   space 15872K, 0% used [0x00000000ea880000,0x00000000ea880000,0x00000000eb800000)
 ParOldGen       total 117248K, used 29960K [0x00000000a0000000, 0x00000000a7280000, 0x00000000e0000000)
  object space 117248K, 25% used [0x00000000a0000000,0x00000000a1d42128,0x00000000a7280000)
 Metaspace       used 70731K, capacity 72966K, committed 73112K, reserved 1112064K
  class space    used 9297K, capacity 9774K, committed 9880K, reserved 1048576K
Event: 16.945 GC heap after
Heap after GC invocations=19 (full 3):
 PSYoungGen      total 168960K, used 15864K [0x00000000e0000000, 0x00000000ec980000, 0x0000000100000000)
  eden space 153088K, 0% used [0x00000000e0000000,0x00000000e0000000,0x00000000e9580000)
  from space 15872K, 99% used [0x00000000ea880000,0x00000000eb7fe180,0x00000000eb800000)
  to   space 19456K, 0% used [0x00000000e9580000,0x00000000e9580000,0x00000000ea880000)
 ParOldGen       total 117248K, used 34030K [0x00000000a0000000, 0x00000000a7280000, 0x00000000e0000000)
  object space 117248K, 29% used [0x00000000a0000000,0x00000000a213b8b8,0x00000000a7280000)
 Metaspace       used 70731K, capacity 72966K, committed 73112K, reserved 1112064K
  class space    used 9297K, capacity 9774K, committed 9880K, reserved 1048576K
}
Event: 18.455 GC heap before
{Heap before GC invocations=20 (full 3):
 PSYoungGen      total 168960K, used 168952K [0x00000000e0000000, 0x00000000ec980000, 0x0000000100000000)
  eden space 153088K, 100% used [0x00000000e0000000,0x00000000e9580000,0x00000000e9580000)
  from space 15872K, 99% used [0x00000000ea880000,0x00000000eb7fe180,0x00000000eb800000)
  to   space 19456K, 0% used [0x00000000e9580000,0x00000000e9580000,0x00000000ea880000)
 ParOldGen       total 117248K, used 34030K [0x00000000a0000000, 0x00000000a7280000, 0x00000000e0000000)
  object space 117248K, 29% used [0x00000000a0000000,0x00000000a213b8b8,0x00000000a7280000)
 Metaspace       used 81790K, capacity 85588K, committed 85784K, reserved 1124352K
  class space    used 10785K, capacity 11463K, committed 11544K, reserved 1048576K
Event: 18.473 GC heap after
Heap after GC invocations=20 (full 3):
 PSYoungGen      total 172544K, used 16860K [0x00000000e0000000, 0x00000000ecb00000, 0x0000000100000000)
  eden space 153088K, 0% used [0x00000000e0000000,0x00000000e0000000,0x00000000e9580000)
  from space 19456K, 86% used [0x00000000e9580000,0x00000000ea5f70a8,0x00000000ea880000)
  to   space 20992K, 0% used [0x00000000eb680000,0x00000000eb680000,0x00000000ecb00000)
 ParOldGen       total 117248K, used 43484K [0x00000000a0000000, 0x00000000a7280000, 0x00000000e0000000)
  object space 117248K, 37% used [0x00000000a0000000,0x00000000a2a770e0,0x00000000a7280000)
 Metaspace       used 81790K, capacity 85588K, committed 85784K, reserved 1124352K
  class space    used 10785K, capacity 11463K, committed 11544K, reserved 1048576K
}

Deoptimization events (10 events):
Event: 19.003 Thread 0x000000001d034800 Uncommon trap: reason=bimorphic action=maybe_recompile pc=0x00000000046127fc method=java.io.ObjectOutputStream$BlockDataOutputStream.write([BIIZ)V @ 23
Event: 19.006 Thread 0x000000001d034800 Uncommon trap: reason=bimorphic action=maybe_recompile pc=0x00000000046127fc method=java.io.ObjectOutputStream$BlockDataOutputStream.write([BIIZ)V @ 23
Event: 19.006 Thread 0x000000001d034800 Uncommon trap: reason=unstable_if action=reinterpret pc=0x0000000004611948 method=java.io.ObjectOutputStream$BlockDataOutputStream.writeBytes(Ljava/lang/String;)V @ 22
Event: 19.006 Thread 0x000000001d034800 Uncommon trap: reason=unstable_if action=reinterpret pc=0x0000000003003fb0 method=java.io.ObjectOutputStream$BlockDataOutputStream.writeBytes(Ljava/lang/String;)V @ 22
Event: 19.086 Thread 0x000000001a3d7800 Uncommon trap: reason=array_check action=maybe_recompile pc=0x000000000468f158 method=java.util.TimSort.mergeLo(IIII)V @ 81
Event: 19.086 Thread 0x000000001a3d7800 Uncommon trap: reason=array_check action=maybe_recompile pc=0x000000000468f158 method=java.util.TimSort.mergeLo(IIII)V @ 81
Event: 19.086 Thread 0x000000001a3d7800 Uncommon trap: reason=array_check action=maybe_recompile pc=0x000000000468f158 method=java.util.TimSort.mergeLo(IIII)V @ 81
Event: 19.086 Thread 0x000000001a3d7800 Uncommon trap: reason=array_check action=maybe_recompile pc=0x000000000468f158 method=java.util.TimSort.mergeLo(IIII)V @ 81
Event: 19.094 Thread 0x000000001d034800 Uncommon trap: reason=class_check action=maybe_recompile pc=0x0000000003d6d9fc method=com.google.gson.stream.JsonWriter.beforeValue()V @ 92
Event: 19.094 Thread 0x000000001d034800 Uncommon trap: reason=class_check action=maybe_recompile pc=0x0000000003d6d9fc method=com.google.gson.stream.JsonWriter.beforeValue()V @ 92

Classes redefined (0 events):
No events

Internal exceptions (10 events):
Event: 17.960 Thread 0x000000001d399800 Exception <a 'sun/nio/fs/WindowsException'> (0x00000000e6156d00) thrown at [D:\src\AOSP-openjdk-cygwin\jdk8u\hotspot\src\share\vm\prims\jni.cpp, line 709]
Event: 18.040 Thread 0x000000001e66f000 Implicit null exception at 0x00000000030b9def to 0x00000000030b9ee1
Event: 18.040 Thread 0x000000001e67a000 Implicit null exception at 0x00000000030b9def to 0x00000000030b9ee1
Event: 18.040 Thread 0x000000001e675800 Implicit null exception at 0x00000000030b9def to 0x00000000030b9ee1
Event: 18.040 Thread 0x000000001d032000 Implicit null exception at 0x00000000030b9def to 0x00000000030b9ee1
Event: 18.040 Thread 0x000000001c6f9800 Implicit null exception at 0x00000000030b9def to 0x00000000030b9ee1
Event: 18.154 Thread 0x000000001e66f000 Exception <a 'sun/nio/fs/WindowsException'> (0x00000000e7951a18) thrown at [D:\src\AOSP-openjdk-cygwin\jdk8u\hotspot\src\share\vm\prims\jni.cpp, line 709]
Event: 18.307 Thread 0x000000001d034800 Exception <a 'java/lang/NoSuchMethodError': java.lang.Object.lambda$asRunnable$0(Lcom/android/tools/build/apkzlib/utils/IOExceptionRunnable;)V> (0x00000000e8829f28) thrown at [D:\src\AOSP-openjdk-cygwin\jdk8u\hotspot\src\share\vm\interpreter\linkResolver.
Event: 18.351 Thread 0x000000001d034800 Exception <a 'java/lang/NoSuchMethodError': java.lang.Object.newSystemTemporaryDirectory()Lcom/android/tools/build/apkzlib/bytestorage/TemporaryDirectory;> (0x00000000e8bacca8) thrown at [D:\src\AOSP-openjdk-cygwin\jdk8u\hotspot\src\share\vm\interpreter\l
Event: 19.099 Thread 0x000000001a3d7800 Exception <a 'sun/nio/fs/WindowsException'> (0x00000000e471ca58) thrown at [D:\src\AOSP-openjdk-cygwin\jdk8u\hotspot\src\share\vm\prims\jni.cpp, line 709]

Events (10 events):
Event: 19.086 Thread 0x000000001a3d7800 DEOPT UNPACKING pc=0x00000000025d557b sp=0x000000001b699858 mode 2
Event: 19.086 Thread 0x000000001a3d7800 Uncommon trap: trap_request=0xffffffd6 fr.pc=0x000000000468f158
Event: 19.086 Thread 0x000000001a3d7800 DEOPT PACKING pc=0x000000000468f158 sp=0x000000001b699880
Event: 19.086 Thread 0x000000001a3d7800 DEOPT UNPACKING pc=0x00000000025d557b sp=0x000000001b699858 mode 2
Event: 19.094 Thread 0x000000001d034800 Uncommon trap: trap_request=0xffffffde fr.pc=0x0000000003d6d9fc
Event: 19.094 Thread 0x000000001d034800 DEOPT PACKING pc=0x0000000003d6d9fc sp=0x00000000249cc120
Event: 19.094 Thread 0x000000001d034800 DEOPT UNPACKING pc=0x00000000025d557b sp=0x00000000249cc128 mode 2
Event: 19.094 Thread 0x000000001d034800 Uncommon trap: trap_request=0xffffffde fr.pc=0x0000000003d6d9fc
Event: 19.094 Thread 0x000000001d034800 DEOPT PACKING pc=0x0000000003d6d9fc sp=0x00000000249cc120
Event: 19.094 Thread 0x000000001d034800 DEOPT UNPACKING pc=0x00000000025d557b sp=0x00000000249cc128 mode 2


Dynamic libraries:
0x00007ff7512c0000 - 0x00007ff7512f1000 	C:\Program Files\Android\Android Studio\jre\bin\java.exe
0x00007ffeda640000 - 0x00007ffeda82d000 	C:\Windows\SYSTEM32\ntdll.dll
0x00007ffed8000000 - 0x00007ffed80b3000 	C:\Windows\System32\KERNEL32.DLL
0x00007ffed6f10000 - 0x00007ffed71a3000 	C:\Windows\System32\KERNELBASE.dll
0x000000005a6f0000 - 0x000000005a785000 	C:\Windows\System32\SYSFER.DLL
0x00007ffeda250000 - 0x00007ffeda2f3000 	C:\Windows\System32\ADVAPI32.dll
0x00007ffed9a60000 - 0x00007ffed9afe000 	C:\Windows\System32\msvcrt.dll
0x00007ffed9b80000 - 0x00007ffed9c1e000 	C:\Windows\System32\sechost.dll
0x00007ffeda300000 - 0x00007ffeda422000 	C:\Windows\System32\RPCRT4.dll
0x00007ffed9f20000 - 0x00007ffeda0b7000 	C:\Windows\System32\USER32.dll
0x00007ffed77d0000 - 0x00007ffed77f0000 	C:\Windows\System32\win32u.dll
0x00007ffed7870000 - 0x00007ffed7899000 	C:\Windows\System32\GDI32.dll
0x00007ffed73a0000 - 0x00007ffed7539000 	C:\Windows\System32\gdi32full.dll
0x00007ffed7300000 - 0x00007ffed73a0000 	C:\Windows\System32\msvcp_win.dll
0x00007ffed71d0000 - 0x00007ffed72ca000 	C:\Windows\System32\ucrtbase.dll
0x00007ffecd5a0000 - 0x00007ffecd819000 	C:\Windows\WinSxS\amd64_microsoft.windows.common-controls_6595b64144ccf1df_6.0.17763.678_none_05b74150071d72bf\COMCTL32.dll
0x00007ffed7c20000 - 0x00007ffed7f4c000 	C:\Windows\System32\combase.dll
0x00007ffed77f0000 - 0x00007ffed786e000 	C:\Windows\System32\bcryptPrimitives.dll
0x00007ffed7fd0000 - 0x00007ffed7ffe000 	C:\Windows\System32\IMM32.DLL
0x00007ffed6500000 - 0x00007ffed6536000 	C:\Windows\system32\DriverStore\FileRepository\nvam.inf_amd64_1aae4f19e68d0780\nvinitx.dll
0x00007ffed64f0000 - 0x00007ffed64fa000 	C:\Windows\SYSTEM32\VERSION.dll
0x000000005a000000 - 0x000000005a0d2000 	C:\Program Files\Android\Android Studio\jre\jre\bin\msvcr100.dll
0x0000000059250000 - 0x0000000059a91000 	C:\Program Files\Android\Android Studio\jre\jre\bin\server\jvm.dll
0x00007ffed9a50000 - 0x00007ffed9a58000 	C:\Windows\System32\PSAPI.DLL
0x00007ffed22f0000 - 0x00007ffed22f9000 	C:\Windows\SYSTEM32\WSOCK32.dll
0x00007ffeda590000 - 0x00007ffeda5fd000 	C:\Windows\System32\WS2_32.dll
0x00007ffecd960000 - 0x00007ffecd984000 	C:\Windows\SYSTEM32\WINMM.dll
0x00007ffecd1e0000 - 0x00007ffecd20d000 	C:\Windows\SYSTEM32\WINMMBASE.dll
0x00007ffed6ec0000 - 0x00007ffed6f0a000 	C:\Windows\System32\cfgmgr32.dll
0x00007ffed0670000 - 0x00007ffed067f000 	C:\Program Files\Android\Android Studio\jre\jre\bin\verify.dll
0x00007ffec11a0000 - 0x00007ffec11c9000 	C:\Program Files\Android\Android Studio\jre\jre\bin\java.dll
0x00007ffec1180000 - 0x00007ffec1196000 	C:\Program Files\Android\Android Studio\jre\jre\bin\zip.dll
0x00007ffed80c0000 - 0x00007ffed95b0000 	C:\Windows\System32\SHELL32.dll
0x00007ffeda4e0000 - 0x00007ffeda588000 	C:\Windows\System32\shcore.dll
0x00007ffed6770000 - 0x00007ffed6eba000 	C:\Windows\System32\windows.storage.dll
0x00007ffed66e0000 - 0x00007ffed6704000 	C:\Windows\System32\profapi.dll
0x00007ffed6680000 - 0x00007ffed66dd000 	C:\Windows\System32\powrprof.dll
0x00007ffed78a0000 - 0x00007ffed78f2000 	C:\Windows\System32\shlwapi.dll
0x00007ffed6640000 - 0x00007ffed6651000 	C:\Windows\System32\kernel.appcore.dll
0x00007ffed71b0000 - 0x00007ffed71c7000 	C:\Windows\System32\cryptsp.dll
0x00007ffec1160000 - 0x00007ffec117a000 	C:\Program Files\Android\Android Studio\jre\jre\bin\net.dll
0x00007ffed5e00000 - 0x00007ffed5e67000 	C:\Windows\system32\mswsock.dll
0x00007ffec0fd0000 - 0x00007ffec0fe1000 	C:\Program Files\Android\Android Studio\jre\jre\bin\nio.dll
0x00007ffec0a10000 - 0x00007ffec0a2e000 	C:\Users\OlegS\.gradle\native\25\windows-amd64\native-platform.dll
0x00007ffec7680000 - 0x00007ffec768d000 	C:\Program Files\Android\Android Studio\jre\jre\bin\management.dll
0x00007ffed5980000 - 0x00007ffed59b3000 	C:\Windows\system32\rsaenh.dll
0x00007ffed72d0000 - 0x00007ffed72f6000 	C:\Windows\System32\bcrypt.dll
0x00007ffed6540000 - 0x00007ffed6568000 	C:\Windows\SYSTEM32\USERENV.dll
0x00007ffed5fd0000 - 0x00007ffed5fdc000 	C:\Windows\SYSTEM32\CRYPTBASE.dll
0x00007ffed5b20000 - 0x00007ffed5b5d000 	C:\Windows\SYSTEM32\IPHLPAPI.DLL
0x00007ffed9eb0000 - 0x00007ffed9eb8000 	C:\Windows\System32\NSI.dll
0x00007ffecf4d0000 - 0x00007ffecf4e6000 	C:\Windows\SYSTEM32\dhcpcsvc6.DLL
0x00007ffecf6b0000 - 0x00007ffecf6cc000 	C:\Windows\SYSTEM32\dhcpcsvc.DLL
0x00007ffed5b70000 - 0x00007ffed5c36000 	C:\Windows\SYSTEM32\DNSAPI.dll

VM Arguments:
jvm_args: -Xmx1536m -Dfile.encoding=windows-1251 -Duser.country=RU -Duser.language=ru -Duser.variant 
java_command: org.gradle.launcher.daemon.bootstrap.GradleDaemon 5.1.1
java_class_path (initial): C:\Users\OlegS\.gradle\wrapper\dists\gradle-5.1.1-all\97z1ksx6lirer3kbvdnh7jtjg\gradle-5.1.1\lib\gradle-launcher-5.1.1.jar
Launcher Type: SUN_STANDARD

Environment Variables:
PATH=C:\Program Files (x86)\Common Files\Oracle\Java\javapath;C:\Windows\system32;C:\Windows;C:\Windows\System32\Wbem;C:\Windows\System32\WindowsPowerShell\v1.0\;C:\Windows\System32\OpenSSH\;C:\Program Files\Git\cmd;C:\Program Files\MySQL\MySQL Shell 8.0\bin\;C:\Users\OlegS\AppData\Local\GitHubDesktop\bin
USERNAME=OlegS
OS=Windows_NT
PROCESSOR_IDENTIFIER=Intel64 Family 6 Model 42 Stepping 7, GenuineIntel



---------------  S Y S T E M  ---------------

OS: Windows 10.0 , 64 bit Build 17763 (10.0.17763.475)

CPU:total 8 (initial active 8) (4 cores per cpu, 2 threads per core) family 6 model 42 stepping 7, cmov, cx8, fxsr, mmx, sse, sse2, sse3, ssse3, sse4.1, sse4.2, popcnt, avx, clmul, ht, tsc, tscinvbit

Memory: 4k page, physical 6194180k(1441836k free), swap 7013380k(6160k free)

vm_info: OpenJDK 64-Bit Server VM (25.152-b01) for windows-amd64 JRE (1.8.0_152-release-1343-b01), built by "builder" with MS VC++ 10.0 (VS2010)

time: Fri Aug 23 00:01:03 2019
elapsed time: 19 seconds (0d 0h 0m 19s)

